# JRE version: Java(TM) SE Runtime Environment (17.0.9+11) (build 17.0.9+11-LTS-201)
# Java VM: Java HotSpot(TM) 64-Bit Server VM (17.0.9+11-LTS-201, mixed mode, sharing, tiered, compressed oops, compressed class ptrs, g1 gc, windows-amd64)
GC Precious Log:
 CPUs: 4 total, 4 available
 Memory: 8077M
 Large Page Support: Disabled
 NUMA Support: Disabled
 Compressed Oops: Enabled (32-bit)
 Heap Region Size: 1M
 Heap Min Capacity: 8M
 Heap Initial Capacity: 128M
 Heap Max Capacity: 2020M
 Pre-touch: Disabled
 Parallel Workers: 4
 Concurrent Workers: 1
 Concurrent Refinement Workers: 4
 Periodic GC: Disabled
Heap:
 garbage-first heap   total 131072K, used 56977K [0x0000000081c00000, 0x0000000100000000)
  region size 1024K, 1 young (1024K), 1 survivors (1024K)
 Metaspace       used 59605K, committed 59968K, reserved 1114112K
  class space    used 8126K, committed 8320K, reserved 1048576K
GC Heap History (20 events):
Event: 16.636 GC heap after
{Heap after GC invocations=19 (full 0):
 garbage-first heap   total 75776K, used 31048K [0x0000000081c00000, 0x0000000100000000)
  region size 1024K, 4 young (4096K), 4 survivors (4096K)
 Metaspace       used 56304K, committed 56640K, reserved 1114112K
  class space    used 7735K, committed 7872K, reserved 1048576K
}
Event: 17.788 GC heap before
{Heap before GC invocations=19 (full 0):
 garbage-first heap   total 75776K, used 60744K [0x0000000081c00000, 0x0000000100000000)
  region size 1024K, 33 young (33792K), 4 survivors (4096K)
 Metaspace       used 58360K, committed 58752K, reserved 1114112K
  class space    used 8009K, committed 8192K, reserved 1048576K
}
Event: 17.794 GC heap after
{Heap after GC invocations=20 (full 0):
 garbage-first heap   total 75776K, used 34031K [0x0000000081c00000, 0x0000000100000000)
  region size 1024K, 5 young (5120K), 5 survivors (5120K)
 Metaspace       used 58360K, committed 58752K, reserved 1114112K
  class space    used 8009K, committed 8192K, reserved 1048576K
}
Event: 18.459 GC heap before
{Heap before GC invocations=20 (full 0):
 garbage-first heap   total 75776K, used 61679K [0x0000000081c00000, 0x0000000100000000)
  region size 1024K, 31 young (31744K), 5 survivors (5120K)
 Metaspace       used 59390K, committed 59776K, reserved 1114112K
  class space    used 8113K, committed 8320K, reserved 1048576K
}
Event: 18.467 GC heap after
{Heap after GC invocations=21 (full 0):
 garbage-first heap   total 75776K, used 39404K [0x0000000081c00000, 0x0000000100000000)
  region size 1024K, 4 young (4096K), 4 survivors (4096K)
 Metaspace       used 59390K, committed 59776K, reserved 1114112K
  class space    used 8113K, committed 8320K, reserved 1048576K
}
Event: 18.598 GC heap before
{Heap before GC invocations=21 (full 0):
 garbage-first heap   total 75776K, used 57836K [0x0000000081c00000, 0x0000000100000000)
  region size 1024K, 23 young (23552K), 4 survivors (4096K)
 Metaspace       used 59496K, committed 59904K, reserved 1114112K
  class space    used 8116K, committed 8320K, reserved 1048576K
}
Event: 18.605 GC heap after
{Heap after GC invocations=22 (full 0):
 garbage-first heap   total 75776K, used 44886K [0x0000000081c00000, 0x0000000100000000)
  region size 1024K, 3 young (3072K), 3 survivors (3072K)
 Metaspace       used 59496K, committed 59904K, reserved 1114112K
  class space    used 8116K, committed 8320K, reserved 1048576K
}
Event: 18.914 GC heap before
{Heap before GC invocations=23 (full 0):
 garbage-first heap   total 81920K, used 58198K [0x0000000081c00000, 0x0000000100000000)
  region size 1024K, 17 young (17408K), 3 survivors (3072K)
 Metaspace       used 59552K, committed 59968K, reserved 1114112K
  class space    used 8126K, committed 8320K, reserved 1048576K
}
Event: 18.919 GC heap after
{Heap after GC invocations=24 (full 0):
 garbage-first heap   total 81920K, used 48969K [0x0000000081c00000, 0x0000000100000000)
  region size 1024K, 3 young (3072K), 3 survivors (3072K)
 Metaspace       used 59552K, committed 59968K, reserved 1114112K
  class space    used 8126K, committed 8320K, reserved 1048576K
}
Event: 19.008 GC heap before
{Heap before GC invocations=24 (full 0):
 garbage-first heap   total 81920K, used 59209K [0x0000000081c00000, 0x0000000100000000)
  region size 1024K, 15 young (15360K), 3 survivors (3072K)
 Metaspace       used 59568K, committed 59968K, reserved 1114112K
  class space    used 8126K, committed 8320K, reserved 1048576K
}
Event: 19.011 GC heap after
{Heap after GC invocations=25 (full 0):
 garbage-first heap   total 81920K, used 51892K [0x0000000081c00000, 0x0000000100000000)
  region size 1024K, 3 young (3072K), 3 survivors (3072K)
 Metaspace       used 59568K, committed 59968K, reserved 1114112K
  class space    used 8126K, committed 8320K, reserved 1048576K
}
Event: 19.113 GC heap before
{Heap before GC invocations=26 (full 0):
 garbage-first heap   total 101376K, used 64180K [0x0000000081c00000, 0x0000000100000000)
  region size 1024K, 15 young (15360K), 3 survivors (3072K)
 Metaspace       used 59571K, committed 59968K, reserved 1114112K
  class space    used 8126K, committed 8320K, reserved 1048576K
}
Event: 19.116 GC heap after
{Heap after GC invocations=27 (full 0):
 garbage-first heap   total 101376K, used 55126K [0x0000000081c00000, 0x0000000100000000)
  region size 1024K, 2 young (2048K), 2 survivors (2048K)
 Metaspace       used 59571K, committed 59968K, reserved 1114112K
  class space    used 8126K, committed 8320K, reserved 1048576K
}
Event: 19.120 GC heap before
{Heap before GC invocations=27 (full 0):
 garbage-first heap   total 101376K, used 57174K [0x0000000081c00000, 0x0000000100000000)
  region size 1024K, 4 young (4096K), 2 survivors (2048K)
 Metaspace       used 59571K, committed 59968K, reserved 1114112K
  class space    used 8126K, committed 8320K, reserved 1048576K
}
Event: 19.123 GC heap after
{Heap after GC invocations=28 (full 0):
 garbage-first heap   total 101376K, used 50631K [0x0000000081c00000, 0x0000000100000000)
  region size 1024K, 1 young (1024K), 1 survivors (1024K)
 Metaspace       used 59571K, committed 59968K, reserved 1114112K
  class space    used 8126K, committed 8320K, reserved 1048576K
}
Event: 19.337 GC heap before
{Heap before GC invocations=28 (full 0):
 garbage-first heap   total 101376K, used 73159K [0x0000000081c00000, 0x0000000100000000)
  region size 1024K, 24 young (24576K), 1 survivors (1024K)
 Metaspace       used 59602K, committed 59968K, reserved 1114112K
  class space    used 8126K, committed 8320K, reserved 1048576K
}
Event: 19.342 GC heap after
{Heap after GC invocations=29 (full 0):
 garbage-first heap   total 101376K, used 57529K [0x0000000081c00000, 0x0000000100000000)
  region size 1024K, 3 young (3072K), 3 survivors (3072K)
 Metaspace       used 59602K, committed 59968K, reserved 1114112K
  class space    used 8126K, committed 8320K, reserved 1048576K
}
Event: 19.489 GC heap before
{Heap before GC invocations=30 (full 0):
 garbage-first heap   total 107520K, used 74937K [0x0000000081c00000, 0x0000000100000000)
  region size 1024K, 21 young (21504K), 3 survivors (3072K)
 Metaspace       used 59605K, committed 59968K, reserved 1114112K
  class space    used 8126K, committed 8320K, reserved 1048576K
}
Event: 19.493 GC heap after
{Heap after GC invocations=31 (full 0):
 garbage-first heap   total 107520K, used 61683K [0x0000000081c00000, 0x0000000100000000)
  region size 1024K, 3 young (3072K), 3 survivors (3072K)
 Metaspace       used 59605K, committed 59968K, reserved 1114112K
  class space    used 8126K, committed 8320K, reserved 1048576K
}
Event: 19.498 GC heap before
{Heap before GC invocations=31 (full 0):
 garbage-first heap   total 107520K, used 63731K [0x0000000081c00000, 0x0000000100000000)
  region size 1024K, 5 young (5120K), 3 survivors (3072K)
 Metaspace       used 59605K, committed 59968K, reserved 1114112K
  class space    used 8126K, committed 8320K, reserved 1048576K
}

